<?xml version="1.0" encoding="UTF-8"?>
<!-- Generated by org.testng.reporters.JUnitReportReporter -->
<testsuite hostname="Rasheed-cgg" name="rough.DataproviderExSample" tests="3" failures="0" timestamp="23 Feb 2017 10:16:17 GMT" time="0.011" errors="0">
  <testcase name="setData" time="0.009" classname="rough.DataproviderExSample"/>
  <testcase name="setData" time="0.001" classname="rough.DataproviderExSample"/>
  <testcase name="setData" time="0.001" classname="rough.DataproviderExSample"/>
</testsuite> <!-- rough.DataproviderExSample -->
