<?xml version="1.0" encoding="UTF-8"?>
<!-- Generated by org.testng.reporters.JUnitReportReporter -->
<testsuite hostname="Rasheed-cgg" name="rough.DataProviderExample" tests="3" failures="0" timestamp="2 Feb 2017 09:51:57 GMT" time="0.011" errors="0">
  <testcase name="setData" time="0.001" classname="rough.DataProviderExample"/>
  <testcase name="setData" time="0.001" classname="rough.DataProviderExample"/>
  <testcase name="setData" time="0.009" classname="rough.DataProviderExample"/>
</testsuite> <!-- rough.DataProviderExample -->
