<?xml version="1.0" encoding="UTF-8"?>
<!-- Generated by org.testng.reporters.JUnitReportReporter -->
<testsuite skipped="0" hostname="Rasheed-PC" name="androidDriver_appium.LenovoTabCalculator" tests="1" failures="0" timestamp="08 Mar 2019 16:37:33 GMT" time="6.426" errors="0">
  <testcase name="f" time="6.426" classname="androidDriver_appium.LenovoTabCalculator"/>
</testsuite> <!-- androidDriver_appium.LenovoTabCalculator -->
